\BOOKMARK [1][-]{section.1}{\376\377\000I\000n\000t\000r\000o\000d\000u\000c\000t\000i\000o\000n}{}% 1
\BOOKMARK [1][-]{section.2}{\376\377\000T\000h\000e\000\040\000B\000a\000s\000e\000\040\000M\000o\000d\000e\000l\000:\000\040\000M\000e\000t\000a\000\040\000L\000L\000a\000M\000A}{}% 2
\BOOKMARK [1][-]{section.3}{\376\377\000L\000L\000a\000M\000A\000\040\0003}{}% 3
\BOOKMARK [1][-]{section.4}{\376\377\000L\000L\000a\000M\000A\000n\000t\000i\000n\000o\000\040\0003\000\040\0008\000B}{}% 4
\BOOKMARK [1][-]{section.5}{\376\377\000O\000p\000t\000i\000m\000i\000z\000a\000t\000i\000o\000n\000s}{}% 5
\BOOKMARK [2][-]{subsection.5.1}{\376\377\000Q\000u\000a\000n\000t\000i\000z\000a\000t\000i\000o\000n}{section.5}% 6
\BOOKMARK [2][-]{subsection.5.2}{\376\377\000L\000o\000w\000\040\000R\000a\000n\000k\000\040\000A\000d\000a\000p\000t\000a\000t\000i\000o\000n\000\040\000\050\000L\000o\000R\000A\000\051}{section.5}% 7
\BOOKMARK [2][-]{subsection.5.3}{\376\377\000G\000r\000a\000d\000i\000e\000n\000t\000\040\000C\000h\000e\000c\000k\000p\000o\000i\000n\000t\000i\000n\000g}{section.5}% 8
\BOOKMARK [1][-]{section.6}{\376\377\000L\000L\000a\000M\000A\000n\000t\000i\000n\000o\000\040\0003\000\040\0008\000B\000\040\000F\000u\000r\000t\000h\000e\000r\000\040\000F\000i\000n\000e\000-\000T\000u\000n\000i\000n\000g}{}% 9
\BOOKMARK [2][-]{subsection.6.1}{\376\377\000I\000t\000a\000l\000i\000a\000n\000\040\000W\000i\000k\000i\000p\000e\000d\000i\000a\000\040\000D\000a\000t\000a\000s\000e\000t}{section.6}% 10
\BOOKMARK [3][-]{subsubsection.6.1.1}{\376\377\000F\000i\000n\000e\000-\000T\000u\000n\000i\000n\000g\000\040\000p\000r\000o\000c\000e\000s\000s}{subsection.6.1}% 11
\BOOKMARK [2][-]{subsection.6.2}{\376\377\000E\000m\000p\000i\000r\000i\000c\000a\000l\000\040\000r\000e\000s\000u\000l\000t\000s}{section.6}% 12
\BOOKMARK [2][-]{subsection.6.3}{\376\377\000C\000o\000n\000c\000l\000u\000s\000i\000o\000n}{section.6}% 13
\BOOKMARK [1][-]{section.7}{\376\377\000T\000e\000s\000t\000i\000n\000g\000\040\000I\000t\000a\000l\000i\000a\000n\000\040\000L\000L\000M\000s\000\040\000u\000s\000i\000n\000g\000\040\000I\000N\000V\000A\000L\000S\000I}{}% 14
\BOOKMARK [2][-]{subsection.7.1}{\376\377\000P\000r\000o\000m\000p\000t\000\040\000A\000n\000d\000\040\000M\000e\000t\000r\000i\000c\000s}{section.7}% 15
\BOOKMARK [2][-]{subsection.7.2}{\376\377\000M\000o\000d\000e\000l\000s\000\040\000c\000o\000m\000p\000a\000r\000i\000s\000o\000n}{section.7}% 16
\BOOKMARK [2][-]{subsection.7.3}{\376\377\000C\000o\000n\000c\000l\000u\000s\000i\000o\000n}{section.7}% 17
\BOOKMARK [1][-]{section.8}{\376\377\000M\000o\000d\000e\000l\000\040\000I\000m\000p\000l\000e\000m\000e\000n\000t\000a\000t\000i\000o\000n}{}% 18
\BOOKMARK [2][-]{subsection.8.1}{\376\377\000R\000A\000G\000\040\000I\000m\000p\000l\000e\000m\000e\000n\000t\000a\000t\000i\000o\000n}{section.8}% 19
\BOOKMARK [2][-]{subsection.8.2}{\376\377\000C\000h\000a\000t\000-\000B\000o\000t\000\040\000I\000m\000p\000l\000e\000m\000e\000n\000t\000a\000t\000i\000o\000n}{section.8}% 20
\BOOKMARK [1][-]{section.9}{\376\377\000C\000o\000n\000c\000l\000u\000s\000i\000o\000n}{}% 21
\BOOKMARK [1][-]{appendix.A}{\376\377\000A\000R\000C\000\040\000D\000a\000t\000a\000s\000e\000t}{}% 22
\BOOKMARK [1][-]{appendix.B}{\376\377\000H\000e\000l\000l\000a\000S\000w\000a\000g\000\040\000D\000a\000t\000a\000s\000e\000t}{}% 23
